<?xml version="1.0" encoding="UTF-8"?>
<!-- Generated by org.testng.reporters.JUnitReportReporter -->
<testsuite skipped="0" hostname="sys" name="com.facebook.TestCases.searchFriend" tests="1" failures="0" timestamp="2020-12-02T08:20:36 IST" time="42.139" errors="0">
  <testcase name="TC1" time="42.139" classname="com.facebook.TestCases.searchFriend"/>
  <system-out>
~~~~~~~~~~~~~~~~~~~~~~~~~~~~~~ createGroup Start ~~~~~~~~~~~~~~~~~~~~~~~~~~~~~~~~~~~~ ~~~~~~~~~~~~~~~~~~~~~~~~~~~~~~ createGroup End ~~~~~~~~~~~~~~~~~~~~~~~~~~~~~~~~~~~~ ~Step~08:20:17 FriendsPage - createGroup~Pass  </system-out>
</testsuite> <!-- com.facebook.TestCases.searchFriend -->
