<?xml version="1.0" encoding="UTF-8"?>
<!-- Generated by org.testng.reporters.JUnitReportReporter -->
<testsuite skipped="0" hostname="sys" name="com.facebook.TestCases.searchFriend2" tests="1" failures="0" timestamp="2020-11-02T10:58:09 IST" time="5.436" errors="0">
  <testcase name="TC1" time="5.436" classname="com.facebook.TestCases.searchFriend2"/>
  <system-out>
~~~~~~~~~~~~~~~~~~~~~~~~~~~~~~ createGroup Start ~~~~~~~~~~~~~~~~~~~~~~~~~~~~~~~~~~~~ ~~~~~~~~~~~~~~~~~~~~~~~~~~~~~~ createGroup End ~~~~~~~~~~~~~~~~~~~~~~~~~~~~~~~~~~~~ ~Step~10:58:01 FriendsPage - createGroup~Pass  </system-out>
</testsuite> <!-- com.facebook.TestCases.searchFriend2 -->
