<?xml version="1.0" encoding="UTF-8"?>
<!-- Generated by org.testng.reporters.JUnitReportReporter -->
<testsuite hostname="sys" failures="0" tests="1" name="com.facebook.TestCases.searchFriend" time="5.971" errors="0" timestamp="2020-11-20T11:00:10 IST" skipped="0">
  <testcase classname="com.facebook.TestCases.searchFriend" name="TC1" time="5.971"/>
  <system-out>
~~~~~~~~~~~~~~~~~~~~~~~~~~~~~~ createGroup Start ~~~~~~~~~~~~~~~~~~~~~~~~~~~~~~~~~~~~ ~~~~~~~~~~~~~~~~~~~~~~~~~~~~~~ createGroup End ~~~~~~~~~~~~~~~~~~~~~~~~~~~~~~~~~~~~ ~Step~11:00:01 FriendsPage - createGroup~Pass  </system-out>
</testsuite> <!-- com.facebook.TestCases.searchFriend -->
